Analysis & Synthesis report for lcd
Mon Dec 06 19:09:26 2021
Quartus Prime Version 16.1.0 Build 196 10/24/2016 SJ Lite Edition


---------------------
; Table of Contents ;
---------------------
  1. Legal Notice
  2. Analysis & Synthesis Summary
  3. Analysis & Synthesis Settings
  4. Parallel Compilation
  5. Analysis & Synthesis Source Files Read
  6. Analysis & Synthesis Resource Usage Summary
  7. Analysis & Synthesis Resource Utilization by Entity
  8. State Machine - |lcd|S
  9. State Machine - |lcd|lcd_control:lcd|state
 10. State Machine - |lcd|keyboard:kb|S
 11. Registers Removed During Synthesis
 12. Removed Registers Triggering Further Register Optimizations
 13. General Register Statistics
 14. Multiplexer Restructuring Statistics (Restructuring Performed)
 15. Parameter Settings for User Entity Instance: Top-level Entity: |lcd
 16. Parameter Settings for User Entity Instance: keyboard:kb
 17. Parameter Settings for User Entity Instance: lcd_control:lcd
 18. Port Connectivity Checks: "lcd_control:lcd"
 19. Post-Synthesis Netlist Statistics for Top Partition
 20. Elapsed Time Per Partition
 21. Analysis & Synthesis Messages



----------------
; Legal Notice ;
----------------
Copyright (C) 2016  Intel Corporation. All rights reserved.
Your use of Intel Corporation's design tools, logic functions 
and other software and tools, and its AMPP partner logic 
functions, and any output files from any of the foregoing 
(including device programming or simulation files), and any 
associated documentation or information are expressly subject 
to the terms and conditions of the Intel Program License 
Subscription Agreement, the Intel Quartus Prime License Agreement,
the Intel MegaCore Function License Agreement, or other 
applicable license agreement, including, without limitation, 
that your use is for the sole purpose of programming logic 
devices manufactured by Intel and sold by Intel or its 
authorized distributors.  Please refer to the applicable 
agreement for further details.



+----------------------------------------------------------------------------------+
; Analysis & Synthesis Summary                                                     ;
+------------------------------------+---------------------------------------------+
; Analysis & Synthesis Status        ; Successful - Mon Dec 06 19:09:26 2021       ;
; Quartus Prime Version              ; 16.1.0 Build 196 10/24/2016 SJ Lite Edition ;
; Revision Name                      ; lcd                                         ;
; Top-level Entity Name              ; lcd                                         ;
; Family                             ; Cyclone IV E                                ;
; Total logic elements               ; 258                                         ;
;     Total combinational functions  ; 253                                         ;
;     Dedicated logic registers      ; 105                                         ;
; Total registers                    ; 105                                         ;
; Total pins                         ; 46                                          ;
; Total virtual pins                 ; 0                                           ;
; Total memory bits                  ; 0                                           ;
; Embedded Multiplier 9-bit elements ; 0                                           ;
; Total PLLs                         ; 0                                           ;
+------------------------------------+---------------------------------------------+


+----------------------------------------------------------------------------------------------------------------------+
; Analysis & Synthesis Settings                                                                                        ;
+----------------------------------------------------------------------------+--------------------+--------------------+
; Option                                                                     ; Setting            ; Default Value      ;
+----------------------------------------------------------------------------+--------------------+--------------------+
; Device                                                                     ; EP4CE115F29C7      ;                    ;
; Top-level entity name                                                      ; lcd                ; lcd                ;
; Family name                                                                ; Cyclone IV E       ; Cyclone V          ;
; Use smart compilation                                                      ; Off                ; Off                ;
; Enable parallel Assembler and TimeQuest Timing Analyzer during compilation ; On                 ; On                 ;
; Enable compact report table                                                ; Off                ; Off                ;
; Restructure Multiplexers                                                   ; Auto               ; Auto               ;
; Create Debugging Nodes for IP Cores                                        ; Off                ; Off                ;
; Preserve fewer node names                                                  ; On                 ; On                 ;
; OpenCore Plus hardware evaluation                                          ; Enable             ; Enable             ;
; Verilog Version                                                            ; Verilog_2001       ; Verilog_2001       ;
; VHDL Version                                                               ; VHDL_1993          ; VHDL_1993          ;
; State Machine Processing                                                   ; Auto               ; Auto               ;
; Safe State Machine                                                         ; Off                ; Off                ;
; Extract Verilog State Machines                                             ; On                 ; On                 ;
; Extract VHDL State Machines                                                ; On                 ; On                 ;
; Ignore Verilog initial constructs                                          ; Off                ; Off                ;
; Iteration limit for constant Verilog loops                                 ; 5000               ; 5000               ;
; Iteration limit for non-constant Verilog loops                             ; 250                ; 250                ;
; Add Pass-Through Logic to Inferred RAMs                                    ; On                 ; On                 ;
; Infer RAMs from Raw Logic                                                  ; On                 ; On                 ;
; Parallel Synthesis                                                         ; On                 ; On                 ;
; DSP Block Balancing                                                        ; Auto               ; Auto               ;
; NOT Gate Push-Back                                                         ; On                 ; On                 ;
; Power-Up Don't Care                                                        ; On                 ; On                 ;
; Remove Redundant Logic Cells                                               ; Off                ; Off                ;
; Remove Duplicate Registers                                                 ; On                 ; On                 ;
; Ignore CARRY Buffers                                                       ; Off                ; Off                ;
; Ignore CASCADE Buffers                                                     ; Off                ; Off                ;
; Ignore GLOBAL Buffers                                                      ; Off                ; Off                ;
; Ignore ROW GLOBAL Buffers                                                  ; Off                ; Off                ;
; Ignore LCELL Buffers                                                       ; Off                ; Off                ;
; Ignore SOFT Buffers                                                        ; On                 ; On                 ;
; Limit AHDL Integers to 32 Bits                                             ; Off                ; Off                ;
; Optimization Technique                                                     ; Balanced           ; Balanced           ;
; Carry Chain Length                                                         ; 70                 ; 70                 ;
; Auto Carry Chains                                                          ; On                 ; On                 ;
; Auto Open-Drain Pins                                                       ; On                 ; On                 ;
; Perform WYSIWYG Primitive Resynthesis                                      ; Off                ; Off                ;
; Auto ROM Replacement                                                       ; On                 ; On                 ;
; Auto RAM Replacement                                                       ; On                 ; On                 ;
; Auto DSP Block Replacement                                                 ; On                 ; On                 ;
; Auto Shift Register Replacement                                            ; Auto               ; Auto               ;
; Allow Shift Register Merging across Hierarchies                            ; Auto               ; Auto               ;
; Auto Clock Enable Replacement                                              ; On                 ; On                 ;
; Strict RAM Replacement                                                     ; Off                ; Off                ;
; Allow Synchronous Control Signals                                          ; On                 ; On                 ;
; Force Use of Synchronous Clear Signals                                     ; Off                ; Off                ;
; Auto RAM Block Balancing                                                   ; On                 ; On                 ;
; Auto RAM to Logic Cell Conversion                                          ; Off                ; Off                ;
; Auto Resource Sharing                                                      ; Off                ; Off                ;
; Allow Any RAM Size For Recognition                                         ; Off                ; Off                ;
; Allow Any ROM Size For Recognition                                         ; Off                ; Off                ;
; Allow Any Shift Register Size For Recognition                              ; Off                ; Off                ;
; Use LogicLock Constraints during Resource Balancing                        ; On                 ; On                 ;
; Ignore translate_off and synthesis_off directives                          ; Off                ; Off                ;
; Timing-Driven Synthesis                                                    ; On                 ; On                 ;
; Report Parameter Settings                                                  ; On                 ; On                 ;
; Report Source Assignments                                                  ; On                 ; On                 ;
; Report Connectivity Checks                                                 ; On                 ; On                 ;
; Ignore Maximum Fan-Out Assignments                                         ; Off                ; Off                ;
; Synchronization Register Chain Length                                      ; 2                  ; 2                  ;
; PowerPlay Power Optimization During Synthesis                              ; Normal compilation ; Normal compilation ;
; HDL message level                                                          ; Level2             ; Level2             ;
; Suppress Register Optimization Related Messages                            ; Off                ; Off                ;
; Number of Removed Registers Reported in Synthesis Report                   ; 5000               ; 5000               ;
; Number of Swept Nodes Reported in Synthesis Report                         ; 5000               ; 5000               ;
; Number of Inverted Registers Reported in Synthesis Report                  ; 100                ; 100                ;
; Clock MUX Protection                                                       ; On                 ; On                 ;
; Auto Gated Clock Conversion                                                ; Off                ; Off                ;
; Block Design Naming                                                        ; Auto               ; Auto               ;
; SDC constraint protection                                                  ; Off                ; Off                ;
; Synthesis Effort                                                           ; Auto               ; Auto               ;
; Shift Register Replacement - Allow Asynchronous Clear Signal               ; On                 ; On                 ;
; Pre-Mapping Resynthesis Optimization                                       ; Off                ; Off                ;
; Analysis & Synthesis Message Level                                         ; Medium             ; Medium             ;
; Disable Register Merging Across Hierarchies                                ; Auto               ; Auto               ;
; Resource Aware Inference For Block RAM                                     ; On                 ; On                 ;
+----------------------------------------------------------------------------+--------------------+--------------------+


+------------------------------------------+
; Parallel Compilation                     ;
+----------------------------+-------------+
; Processors                 ; Number      ;
+----------------------------+-------------+
; Number detected on machine ; 8           ;
; Maximum allowed            ; 4           ;
;                            ;             ;
; Average used               ; 1.00        ;
; Maximum used               ; 4           ;
;                            ;             ;
; Usage by Processor         ; % Time Used ;
;     Processor 1            ; 100.0%      ;
;     Processor 2            ;   0.0%      ;
;     Processors 3-4         ;   0.0%      ;
+----------------------------+-------------+


+------------------------------------------------------------------------------------------------------------------------+
; Analysis & Synthesis Source Files Read                                                                                 ;
+----------------------------------+-----------------+------------------------+--------------------------------+---------+
; File Name with User-Entered Path ; Used in Netlist ; File Type              ; File Name with Absolute Path   ; Library ;
+----------------------------------+-----------------+------------------------+--------------------------------+---------+
; lcd_driver.v                     ; yes             ; User Verilog HDL File  ; M:/287Project/lcd/lcd_driver.v ;         ;
; lcd.v                            ; yes             ; User Verilog HDL File  ; M:/287Project/lcd/lcd.v        ;         ;
; keyboard.v                       ; yes             ; User Verilog HDL File  ; M:/287Project/lcd/keyboard.v   ;         ;
+----------------------------------+-----------------+------------------------+--------------------------------+---------+


+--------------------------------------------------------------+
; Analysis & Synthesis Resource Usage Summary                  ;
+---------------------------------------------+----------------+
; Resource                                    ; Usage          ;
+---------------------------------------------+----------------+
; Estimated Total logic elements              ; 258            ;
;                                             ;                ;
; Total combinational functions               ; 253            ;
; Logic element usage by number of LUT inputs ;                ;
;     -- 4 input functions                    ; 129            ;
;     -- 3 input functions                    ; 35             ;
;     -- <=2 input functions                  ; 89             ;
;                                             ;                ;
; Logic elements by mode                      ;                ;
;     -- normal mode                          ; 198            ;
;     -- arithmetic mode                      ; 55             ;
;                                             ;                ;
; Total registers                             ; 105            ;
;     -- Dedicated logic registers            ; 105            ;
;     -- I/O registers                        ; 0              ;
;                                             ;                ;
; I/O pins                                    ; 46             ;
;                                             ;                ;
; Embedded Multiplier 9-bit elements          ; 0              ;
;                                             ;                ;
; Maximum fan-out node                        ; CLOCK_50~input ;
; Maximum fan-out                             ; 80             ;
; Total fan-out                               ; 1141           ;
; Average fan-out                             ; 2.54           ;
+---------------------------------------------+----------------+


+-----------------------------------------------------------------------------------------------------------------------------------------------------------------------------------------------------------+
; Analysis & Synthesis Resource Utilization by Entity                                                                                                                                                       ;
+----------------------------+---------------------+---------------------------+-------------+--------------+---------+-----------+------+--------------+----------------------+-------------+--------------+
; Compilation Hierarchy Node ; Combinational ALUTs ; Dedicated Logic Registers ; Memory Bits ; DSP Elements ; DSP 9x9 ; DSP 18x18 ; Pins ; Virtual Pins ; Full Hierarchy Name  ; Entity Name ; Library Name ;
+----------------------------+---------------------+---------------------------+-------------+--------------+---------+-----------+------+--------------+----------------------+-------------+--------------+
; |lcd                       ; 253 (28)            ; 105 (26)                  ; 0           ; 0            ; 0       ; 0         ; 46   ; 0            ; |lcd                 ; lcd_control ; work         ;
;    |keyboard:kb|           ; 58 (58)             ; 42 (42)                   ; 0           ; 0            ; 0       ; 0         ; 0    ; 0            ; |lcd|keyboard:kb     ; keyboard    ; work         ;
;    |lcd_control:lcd|       ; 167 (167)           ; 37 (37)                   ; 0           ; 0            ; 0       ; 0         ; 0    ; 0            ; |lcd|lcd_control:lcd ; lcd_control ; work         ;
+----------------------------+---------------------+---------------------------+-------------+--------------+---------+-----------+------+--------------+----------------------+-------------+--------------+
Note: For table entries with two numbers listed, the numbers in parentheses indicate the number of resources of the given type used by the specific entity alone. The numbers listed outside of parentheses indicate the total resources of the given type used by the specific entity and all of its sub-entities in the hierarchy.


Encoding Type:  One-Hot
+---------------------------------------------------------------------------------------------------+
; State Machine - |lcd|S                                                                            ;
+------------+---------+------------+----------+---------+------------+----------+--------+---------+
; Name       ; S.p2Aim ; S.p2Attack ; S.p2Move ; S.p1Aim ; S.p1Attack ; S.p1Move ; S.prog ; S.start ;
+------------+---------+------------+----------+---------+------------+----------+--------+---------+
; S.start    ; 0       ; 0          ; 0        ; 0       ; 0          ; 0        ; 0      ; 0       ;
; S.prog     ; 0       ; 0          ; 0        ; 0       ; 0          ; 0        ; 1      ; 1       ;
; S.p1Move   ; 0       ; 0          ; 0        ; 0       ; 0          ; 1        ; 0      ; 1       ;
; S.p1Attack ; 0       ; 0          ; 0        ; 0       ; 1          ; 0        ; 0      ; 1       ;
; S.p1Aim    ; 0       ; 0          ; 0        ; 1       ; 0          ; 0        ; 0      ; 1       ;
; S.p2Move   ; 0       ; 0          ; 1        ; 0       ; 0          ; 0        ; 0      ; 1       ;
; S.p2Attack ; 0       ; 1          ; 0        ; 0       ; 0          ; 0        ; 0      ; 1       ;
; S.p2Aim    ; 1       ; 0          ; 0        ; 0       ; 0          ; 0        ; 0      ; 1       ;
+------------+---------+------------+----------+---------+------------+----------+--------+---------+


Encoding Type:  One-Hot
+----------------------------------------------------------------------------------------------+
; State Machine - |lcd|lcd_control:lcd|state                                                   ;
+------------------+------------------+------------------+------------------+------------------+
; Name             ; state.IDLE_STATE ; state.PUSH_STATE ; state.LOAD_STATE ; state.INIT_STATE ;
+------------------+------------------+------------------+------------------+------------------+
; state.INIT_STATE ; 0                ; 0                ; 0                ; 0                ;
; state.LOAD_STATE ; 0                ; 0                ; 1                ; 1                ;
; state.PUSH_STATE ; 0                ; 1                ; 0                ; 1                ;
; state.IDLE_STATE ; 1                ; 0                ; 0                ; 1                ;
+------------------+------------------+------------------+------------------+------------------+


Encoding Type:  One-Hot
+------------------------------------------------+
; State Machine - |lcd|keyboard:kb|S             ;
+------------+------------+----------+-----------+
; Name       ; S.startBit ; S.update ; S.getData ;
+------------+------------+----------+-----------+
; S.startBit ; 0          ; 0        ; 0         ;
; S.getData  ; 1          ; 0        ; 1         ;
; S.update   ; 1          ; 1        ; 0         ;
+------------+------------+----------+-----------+


+---------------------------------------------------------------------------------------------------------------------------------------------+
; Registers Removed During Synthesis                                                                                                          ;
+----------------------------------------------------------------------------------------------------+----------------------------------------+
; Register name                                                                                      ; Reason for Removal                     ;
+----------------------------------------------------------------------------------------------------+----------------------------------------+
; name[141]                                                                                          ; Stuck at VCC due to stuck port data_in ;
; name[134,135,138,140]                                                                              ; Stuck at GND due to stuck port data_in ;
; name[133]                                                                                          ; Stuck at VCC due to stuck port data_in ;
; name[119,122,123,127..132]                                                                         ; Stuck at GND due to stuck port data_in ;
; name[117]                                                                                          ; Stuck at VCC due to stuck port data_in ;
; name[111,113,115,116]                                                                              ; Stuck at GND due to stuck port data_in ;
; name[109]                                                                                          ; Stuck at VCC due to stuck port data_in ;
; name[103..105]                                                                                     ; Stuck at GND due to stuck port data_in ;
; name[101]                                                                                          ; Stuck at VCC due to stuck port data_in ;
; name[95,97,99]                                                                                     ; Stuck at GND due to stuck port data_in ;
; name[93]                                                                                           ; Stuck at VCC due to stuck port data_in ;
; name[87,92]                                                                                        ; Stuck at GND due to stuck port data_in ;
; name[85]                                                                                           ; Stuck at VCC due to stuck port data_in ;
; name[63,68,71,72,74..76,79,81,83]                                                                  ; Stuck at GND due to stuck port data_in ;
; name[61]                                                                                           ; Stuck at VCC due to stuck port data_in ;
; name[55]                                                                                           ; Stuck at GND due to stuck port data_in ;
; name[53]                                                                                           ; Stuck at VCC due to stuck port data_in ;
; name[47]                                                                                           ; Stuck at GND due to stuck port data_in ;
; name[45]                                                                                           ; Stuck at VCC due to stuck port data_in ;
; name[39,41,43,44]                                                                                  ; Stuck at GND due to stuck port data_in ;
; name[37]                                                                                           ; Stuck at VCC due to stuck port data_in ;
; name[31,34,35]                                                                                     ; Stuck at GND due to stuck port data_in ;
; name[29]                                                                                           ; Stuck at VCC due to stuck port data_in ;
; name[22,23,26,28]                                                                                  ; Stuck at GND due to stuck port data_in ;
; name[21]                                                                                           ; Stuck at VCC due to stuck port data_in ;
; name[14..20]                                                                                       ; Stuck at GND due to stuck port data_in ;
; name[13]                                                                                           ; Stuck at VCC due to stuck port data_in ;
; name[6..12]                                                                                        ; Stuck at GND due to stuck port data_in ;
; name[5]                                                                                            ; Stuck at VCC due to stuck port data_in ;
; name[0..4,143,146..148]                                                                            ; Stuck at GND due to stuck port data_in ;
; name[149]                                                                                          ; Stuck at VCC due to stuck port data_in ;
; name[151,153,155,156]                                                                              ; Stuck at GND due to stuck port data_in ;
; name[157]                                                                                          ; Stuck at VCC due to stuck port data_in ;
; name[159]                                                                                          ; Stuck at GND due to stuck port data_in ;
; name[165]                                                                                          ; Stuck at VCC due to stuck port data_in ;
; name[167]                                                                                          ; Stuck at GND due to stuck port data_in ;
; name[173]                                                                                          ; Stuck at VCC due to stuck port data_in ;
; name[175,177,183,184,187,188]                                                                      ; Stuck at GND due to stuck port data_in ;
; name[189]                                                                                          ; Stuck at VCC due to stuck port data_in ;
; name[191,194]                                                                                      ; Stuck at GND due to stuck port data_in ;
; name[197]                                                                                          ; Stuck at VCC due to stuck port data_in ;
; name[199,204,207,208]                                                                              ; Stuck at GND due to stuck port data_in ;
; name[213]                                                                                          ; Stuck at VCC due to stuck port data_in ;
; name[215]                                                                                          ; Stuck at GND due to stuck port data_in ;
; name[221,222]                                                                                      ; Stuck at VCC due to stuck port data_in ;
; name[223,225]                                                                                      ; Stuck at GND due to stuck port data_in ;
; name[229,230]                                                                                      ; Stuck at VCC due to stuck port data_in ;
; name[231]                                                                                          ; Stuck at GND due to stuck port data_in ;
; name[232]                                                                                          ; Stuck at VCC due to stuck port data_in ;
; name[234,235]                                                                                      ; Stuck at GND due to stuck port data_in ;
; name[237,238]                                                                                      ; Stuck at VCC due to stuck port data_in ;
; name[239,244]                                                                                      ; Stuck at GND due to stuck port data_in ;
; name[245,246]                                                                                      ; Stuck at VCC due to stuck port data_in ;
; name[247..249,253]                                                                                 ; Stuck at GND due to stuck port data_in ;
; name[254]                                                                                          ; Stuck at VCC due to stuck port data_in ;
; name[255]                                                                                          ; Stuck at GND due to stuck port data_in ;
; name[136,137,139,144,145,150,172]                                                                  ; Merged with name[142]                  ;
; name[54,62,64,70,82,86,94,98,102,106,110,112,118,121,125,192]                                      ; Merged with name[126]                  ;
; name[50,84,88,89,96,107,114,120]                                                                   ; Merged with name[124]                  ;
; name[65,73,77,78,80,90,91,100,180,185,186,190,195,198,203,205,209,214,216,217,220,233,236,242,243] ; Merged with name[108]                  ;
; name[42,49,66]                                                                                     ; Merged with name[67]                   ;
; name[24,25,27,30]                                                                                  ; Merged with name[60]                   ;
; name[32,33,38,40]                                                                                  ; Merged with name[58]                   ;
; name[36]                                                                                           ; Merged with name[57]                   ;
; name[46]                                                                                           ; Merged with name[52]                   ;
; name[48]                                                                                           ; Merged with name[51]                   ;
; name[158,164,170]                                                                                  ; Merged with name[152]                  ;
; name[161,169,179]                                                                                  ; Merged with name[154]                  ;
; name[163]                                                                                          ; Merged with name[160]                  ;
; name[166,174,176,196,202,206,212,218,226..228,240,250..252]                                        ; Merged with name[162]                  ;
; name[171]                                                                                          ; Merged with name[168]                  ;
; name[200,201,210,211,219,224,241]                                                                  ; Merged with name[182]                  ;
; S~2                                                                                                ; Lost fanout                            ;
; S~3                                                                                                ; Lost fanout                            ;
; S~4                                                                                                ; Lost fanout                            ;
; S~5                                                                                                ; Lost fanout                            ;
; S~6                                                                                                ; Lost fanout                            ;
; lcd_control:lcd|state~4                                                                            ; Lost fanout                            ;
; lcd_control:lcd|state~5                                                                            ; Lost fanout                            ;
; lcd_control:lcd|state~6                                                                            ; Lost fanout                            ;
; keyboard:kb|S~4                                                                                    ; Lost fanout                            ;
; S.prog                                                                                             ; Stuck at GND due to stuck port data_in ;
; name[182]                                                                                          ; Stuck at VCC due to stuck port data_in ;
; name[108]                                                                                          ; Merged with name[162]                  ;
; name[193]                                                                                          ; Merged with name[126]                  ;
; Total Number of Removed Registers = 247                                                            ;                                        ;
+----------------------------------------------------------------------------------------------------+----------------------------------------+


+------------------------------------------------------------------------------------+
; Removed Registers Triggering Further Register Optimizations                        ;
+---------------+---------------------------+----------------------------------------+
; Register name ; Reason for Removal        ; Registers Removed due to This Register ;
+---------------+---------------------------+----------------------------------------+
; S.prog        ; Stuck at GND              ; name[182]                              ;
;               ; due to stuck port data_in ;                                        ;
+---------------+---------------------------+----------------------------------------+


+------------------------------------------------------+
; General Register Statistics                          ;
+----------------------------------------------+-------+
; Statistic                                    ; Value ;
+----------------------------------------------+-------+
; Total registers                              ; 105   ;
; Number of registers using Synchronous Clear  ; 26    ;
; Number of registers using Synchronous Load   ; 0     ;
; Number of registers using Asynchronous Clear ; 37    ;
; Number of registers using Asynchronous Load  ; 0     ;
; Number of registers using Clock Enable       ; 7     ;
; Number of registers using Preset             ; 0     ;
+----------------------------------------------+-------+


+------------------------------------------------------------------------------------------------------------------------------------------+
; Multiplexer Restructuring Statistics (Restructuring Performed)                                                                           ;
+--------------------+-----------+---------------+----------------------+------------------------+------------+----------------------------+
; Multiplexer Inputs ; Bus Width ; Baseline Area ; Area if Restructured ; Saving if Restructured ; Registered ; Example Multiplexer Output ;
+--------------------+-----------+---------------+----------------------+------------------------+------------+----------------------------+
; 3:1                ; 7 bits    ; 14 LEs        ; 14 LEs               ; 0 LEs                  ; No         ; |lcd|S                     ;
+--------------------+-----------+---------------+----------------------+------------------------+------------+----------------------------+


+---------------------------------------------------------------------+
; Parameter Settings for User Entity Instance: Top-level Entity: |lcd ;
+----------------+-------+--------------------------------------------+
; Parameter Name ; Value ; Type                                       ;
+----------------+-------+--------------------------------------------+
; prog           ; 00000 ; Unsigned Binary                            ;
; start          ; 00001 ; Unsigned Binary                            ;
; p1Move         ; 00010 ; Unsigned Binary                            ;
; p1Attack       ; 00011 ; Unsigned Binary                            ;
; p1Aim          ; 00100 ; Unsigned Binary                            ;
; p2Move         ; 00101 ; Unsigned Binary                            ;
; p2Attack       ; 00110 ; Unsigned Binary                            ;
; p2Aim          ; 00111 ; Unsigned Binary                            ;
+----------------+-------+--------------------------------------------+
Note: In order to hide this table in the UI and the text report file, please set the "Show Parameter Settings in Synthesis Report" option in "Analysis and Synthesis Settings -> More Settings" to "Off".


+----------------------------------------------------------+
; Parameter Settings for User Entity Instance: keyboard:kb ;
+----------------+-------+---------------------------------+
; Parameter Name ; Value ; Type                            ;
+----------------+-------+---------------------------------+
; startBit       ; 000   ; Unsigned Binary                 ;
; getData        ; 001   ; Unsigned Binary                 ;
; update         ; 010   ; Unsigned Binary                 ;
+----------------+-------+---------------------------------+
Note: In order to hide this table in the UI and the text report file, please set the "Show Parameter Settings in Synthesis Report" option in "Analysis and Synthesis Settings -> More Settings" to "Off".


+--------------------------------------------------------------+
; Parameter Settings for User Entity Instance: lcd_control:lcd ;
+----------------+-------+-------------------------------------+
; Parameter Name ; Value ; Type                                ;
+----------------+-------+-------------------------------------+
; INIT_STATE     ; 0     ; Signed Integer                      ;
; LOAD_STATE     ; 1     ; Signed Integer                      ;
; PUSH_STATE     ; 2     ; Signed Integer                      ;
; IDLE_STATE     ; 3     ; Signed Integer                      ;
+----------------+-------+-------------------------------------+
Note: In order to hide this table in the UI and the text report file, please set the "Show Parameter Settings in Synthesis Report" option in "Analysis and Synthesis Settings -> More Settings" to "Off".


+--------------------------------------------------------------------------------------------------------------------------------------+
; Port Connectivity Checks: "lcd_control:lcd"                                                                                          ;
+-------+--------+----------+----------------------------------------------------------------------------------------------------------+
; Port  ; Type   ; Severity ; Details                                                                                                  ;
+-------+--------+----------+----------------------------------------------------------------------------------------------------------+
; check ; Output ; Warning  ; Declared by entity but not connected by instance. Logic that only feeds a dangling port will be removed. ;
+-------+--------+----------+----------------------------------------------------------------------------------------------------------+


+-----------------------------------------------------+
; Post-Synthesis Netlist Statistics for Top Partition ;
+-----------------------+-----------------------------+
; Type                  ; Count                       ;
+-----------------------+-----------------------------+
; boundary_port         ; 46                          ;
; cycloneiii_ff         ; 105                         ;
;     CLR               ; 37                          ;
;     ENA               ; 7                           ;
;     SCLR              ; 26                          ;
;     plain             ; 35                          ;
; cycloneiii_lcell_comb ; 258                         ;
;     arith             ; 55                          ;
;         2 data inputs ; 55                          ;
;     normal            ; 203                         ;
;         0 data inputs ; 2                           ;
;         1 data inputs ; 7                           ;
;         2 data inputs ; 30                          ;
;         3 data inputs ; 35                          ;
;         4 data inputs ; 129                         ;
;                       ;                             ;
; Max LUT depth         ; 9.50                        ;
; Average LUT depth     ; 4.37                        ;
+-----------------------+-----------------------------+


+-------------------------------+
; Elapsed Time Per Partition    ;
+----------------+--------------+
; Partition Name ; Elapsed Time ;
+----------------+--------------+
; Top            ; 00:00:01     ;
+----------------+--------------+


+-------------------------------+
; Analysis & Synthesis Messages ;
+-------------------------------+
Info: *******************************************************************
Info: Running Quartus Prime Analysis & Synthesis
    Info: Version 16.1.0 Build 196 10/24/2016 SJ Lite Edition
    Info: Processing started: Mon Dec 06 19:09:15 2021
Info: Command: quartus_map --read_settings_files=on --write_settings_files=off lcd -c lcd
Warning (18236): Number of processors has not been specified which may cause overloading on shared machines.  Set the global assignment NUM_PARALLEL_PROCESSORS in your QSF to an appropriate value for best performance.
Info (20030): Parallel compilation is enabled and will use 4 of the 4 processors detected
Info (12021): Found 1 design units, including 1 entities, in source file lcd_driver.v
    Info (12023): Found entity 1: lcd File: M:/287Project/lcd/lcd_driver.v Line: 1
Info (12021): Found 1 design units, including 1 entities, in source file lcd.v
    Info (12023): Found entity 1: lcd_control File: M:/287Project/lcd/lcd.v Line: 1
Info (12021): Found 1 design units, including 1 entities, in source file keyboard.v
    Info (12023): Found entity 1: keyboard File: M:/287Project/lcd/keyboard.v Line: 1
Info (12127): Elaborating entity "lcd" for the top level hierarchy
Warning (10036): Verilog HDL or VHDL warning at lcd_driver.v(23): object "rst" assigned a value but never read File: M:/287Project/lcd/lcd_driver.v Line: 23
Warning (10034): Output port "LEDR[17..5]" at lcd_driver.v(8) has no driver File: M:/287Project/lcd/lcd_driver.v Line: 8
Warning (10034): Output port "LCD_BLON" at lcd_driver.v(15) has no driver File: M:/287Project/lcd/lcd_driver.v Line: 15
Info (12128): Elaborating entity "keyboard" for hierarchy "keyboard:kb" File: M:/287Project/lcd/lcd_driver.v Line: 30
Warning (10036): Verilog HDL or VHDL warning at keyboard.v(9): object "prevKey" assigned a value but never read File: M:/287Project/lcd/keyboard.v Line: 9
Info (12128): Elaborating entity "lcd_control" for hierarchy "lcd_control:lcd" File: M:/287Project/lcd/lcd_driver.v Line: 117
Warning (10230): Verilog HDL assignment warning at lcd.v(61): truncated value with size 32 to match size of target (6) File: M:/287Project/lcd/lcd.v Line: 61
Warning (10034): Output port "check" at lcd.v(10) has no driver File: M:/287Project/lcd/lcd.v Line: 10
Warning (12241): 1 hierarchies have connectivity warnings - see the Connectivity Checks report folder
Warning (13024): Output pins are stuck at VCC or GND
    Warning (13410): Pin "LEDR[3]" is stuck at GND File: M:/287Project/lcd/lcd_driver.v Line: 8
    Warning (13410): Pin "LEDR[4]" is stuck at GND File: M:/287Project/lcd/lcd_driver.v Line: 8
    Warning (13410): Pin "LEDR[5]" is stuck at GND File: M:/287Project/lcd/lcd_driver.v Line: 8
    Warning (13410): Pin "LEDR[6]" is stuck at GND File: M:/287Project/lcd/lcd_driver.v Line: 8
    Warning (13410): Pin "LEDR[7]" is stuck at GND File: M:/287Project/lcd/lcd_driver.v Line: 8
    Warning (13410): Pin "LEDR[8]" is stuck at GND File: M:/287Project/lcd/lcd_driver.v Line: 8
    Warning (13410): Pin "LEDR[9]" is stuck at GND File: M:/287Project/lcd/lcd_driver.v Line: 8
    Warning (13410): Pin "LEDR[10]" is stuck at GND File: M:/287Project/lcd/lcd_driver.v Line: 8
    Warning (13410): Pin "LEDR[11]" is stuck at GND File: M:/287Project/lcd/lcd_driver.v Line: 8
    Warning (13410): Pin "LEDR[12]" is stuck at GND File: M:/287Project/lcd/lcd_driver.v Line: 8
    Warning (13410): Pin "LEDR[13]" is stuck at GND File: M:/287Project/lcd/lcd_driver.v Line: 8
    Warning (13410): Pin "LEDR[14]" is stuck at GND File: M:/287Project/lcd/lcd_driver.v Line: 8
    Warning (13410): Pin "LEDR[15]" is stuck at GND File: M:/287Project/lcd/lcd_driver.v Line: 8
    Warning (13410): Pin "LEDR[16]" is stuck at GND File: M:/287Project/lcd/lcd_driver.v Line: 8
    Warning (13410): Pin "LEDR[17]" is stuck at GND File: M:/287Project/lcd/lcd_driver.v Line: 8
    Warning (13410): Pin "LCD_RW" is stuck at GND File: M:/287Project/lcd/lcd_driver.v Line: 12
    Warning (13410): Pin "LCD_ON" is stuck at VCC File: M:/287Project/lcd/lcd_driver.v Line: 14
    Warning (13410): Pin "LCD_BLON" is stuck at GND File: M:/287Project/lcd/lcd_driver.v Line: 15
Info (286030): Timing-Driven Synthesis is running
Info (17049): 9 registers lost all their fanouts during netlist optimizations.
Info (16010): Generating hard_block partition "hard_block:auto_generated_inst"
    Info (16011): Adding 0 node(s), including 0 DDIO, 0 PLL, 0 transceiver and 0 LCELL
Warning (21074): Design contains 4 input pin(s) that do not drive logic
    Warning (15610): No output dependent on input pin "KEY[0]" File: M:/287Project/lcd/lcd_driver.v Line: 6
    Warning (15610): No output dependent on input pin "KEY[1]" File: M:/287Project/lcd/lcd_driver.v Line: 6
    Warning (15610): No output dependent on input pin "KEY[2]" File: M:/287Project/lcd/lcd_driver.v Line: 6
    Warning (15610): No output dependent on input pin "KEY[3]" File: M:/287Project/lcd/lcd_driver.v Line: 6
Info (21057): Implemented 327 device resources after synthesis - the final resource count might be different
    Info (21058): Implemented 7 input pins
    Info (21059): Implemented 39 output pins
    Info (21061): Implemented 281 logic cells
Info: Quartus Prime Analysis & Synthesis was successful. 0 errors, 32 warnings
    Info: Peak virtual memory: 4781 megabytes
    Info: Processing ended: Mon Dec 06 19:09:26 2021
    Info: Elapsed time: 00:00:11
    Info: Total CPU time (on all processors): 00:00:20


